  Using 'git status' to determine working set for adaptive non-unity build (C:\Users\TheK-B1000\Desktop\The K-B Folder\Unreal\repos\CppPlugin).
  Creating makefile for PluginDevelopmentEditor (game project files are newer)
  Parsing headers for PluginDevelopmentEditor
    Running UnrealHeaderTool "C:\Users\TheK-B1000\Desktop\The K-B Folder\Unreal\repos\CppPlugin\PluginDevelopment\PluginDevelopment.uproject" "C:\Users\TheK-B1000\Desktop\The K-B Folder\Unreal\repos\CppPlugin\PluginDevelopment\Intermediate\Build\Win64\PluginDevelopmentEditor\Development\PluginDevelopmentEditor.uhtmanifest" -LogCmds="loginit warning, logexit warning, logdatabase error" -Unattended -WarningsAsErrors -installed
  Reflection code generated for PluginDevelopmentEditor in 12.873611 seconds
  Deleted hot-reload file: C:\Users\TheK-B1000\Desktop\The K-B Folder\Unreal\repos\CppPlugin\PluginDevelopment\Plugins\StateMachine\Binaries\Win64\UE4Editor-StateMachine-0001.dll
  Deleted hot-reload file: C:\Users\TheK-B1000\Desktop\The K-B Folder\Unreal\repos\CppPlugin\PluginDevelopment\Plugins\StateMachine\Intermediate\Build\Win64\UE4Editor\Development\StateMachine\UE4Editor-StateMachine-0001.lib
  Building PluginDevelopmentEditor...
  Using Visual Studio 2019 14.24.28316 toolchain (C:\Program Files (x86)\Microsoft Visual Studio\2019\Community\VC\Tools\MSVC\14.24.28314) and Windows 10.0.18362.0 SDK (C:\Program Files (x86)\Windows Kits\10).
  [Upgrade]
  [Upgrade] Using backward-compatible build settings. The latest version of UE4 sets the following values by default, which may require code changes:
  [Upgrade]     bLegacyPublicIncludePaths = false                 => Omits subfolders from public include paths to reduce compiler command line length. (Previously: true).
  [Upgrade]     ShadowVariableWarningLevel = WarningLevel.Error   => Treats shadowed variable warnings as errors. (Previously: WarningLevel.Warning).
  [Upgrade]     PCHUsage = PCHUsageMode.UseExplicitOrSharedPCHs   => Set in build.cs files to enables IWYU-style PCH model. See https://docs.unrealengine.com/en-US/Programming/BuildTools/UnrealBuildTool/IWYU/index.html. (Previously: PCHUsageMode.UseSharedPCHs).
  [Upgrade] Suppress this message by setting 'DefaultBuildSettings = BuildSettingsVersion.V2;' in PluginDevelopmentEditor.Target.cs, and explicitly overriding settings that differ from the new defaults.
  [Upgrade]
  Building 5 actions with 4 processes...
    [1/5] Module.StateMachine.cpp
    [2/5] Module.StateMachine.gen.cpp
    [3/5] UE4Editor-StateMachine.lib
       Creating library C:\Users\TheK-B1000\Desktop\The K-B Folder\Unreal\repos\CppPlugin\PluginDevelopment\Plugins\StateMachine\Intermediate\Build\Win64\UE4Editor\Development\StateMachine\UE4Editor-StateMachine.lib and object C:\Users\TheK-B1000\Desktop\The K-B Folder\Unreal\repos\CppPlugin\PluginDevelopment\Plugins\StateMachine\Intermediate\Build\Win64\UE4Editor\Development\StateMachine\UE4Editor-StateMachine.exp
    [4/5] UE4Editor-StateMachine.dll
       Creating library C:\Users\TheK-B1000\Desktop\The K-B Folder\Unreal\repos\CppPlugin\PluginDevelopment\Plugins\StateMachine\Intermediate\Build\Win64\UE4Editor\Development\StateMachine\UE4Editor-StateMachine.suppressed.lib and object C:\Users\TheK-B1000\Desktop\The K-B Folder\Unreal\repos\CppPlugin\PluginDevelopment\Plugins\StateMachine\Intermediate\Build\Win64\UE4Editor\Development\StateMachine\UE4Editor-StateMachine.suppressed.exp
    [5/5] PluginDevelopmentEditor.target
  Total time in Parallel executor: 22.98 seconds
  Total execution time: 41.79 seconds
